Running: /opt/Xilinx/13.3/ISE_DS/ISE/bin/lin/unwrapped/fuse -intstyle ise -incremental -o /home/bryant/Documents/flowpaths_checkout/flowpaths/Pacman/pacman/vga1024x768_tb_isim_beh.exe -prj /home/bryant/Documents/flowpaths_checkout/flowpaths/Pacman/pacman/vga1024x768_tb_beh.prj work.vga1024x768_tb 
ISim O.76xd (signature 0x8ddf5b5d)
Number of CPUs detected in this system: 2
Turning on mult-threading, number of parallel sub-compilation jobs: 4 
Determining compilation order of HDL files
Parsing VHDL file "/home/bryant/Documents/flowpaths_checkout/flowpaths/Pacman/pacman/vga1024x768.vhd" into library work
Parsing VHDL file "/home/bryant/Documents/flowpaths_checkout/flowpaths/Pacman/pacman/vga1024x768_tb.vhd" into library work
Starting static elaboration
Completed static elaboration
Fuse Memory Usage: 36496 KB
Fuse CPU Usage: 1420 ms
Compiling package standard
Compiling package std_logic_1164
Compiling package std_logic_arith
Compiling package std_logic_unsigned
Compiling architecture behavioral of entity vga_1024x768 [vga_1024x768_default]
Compiling architecture behavior of entity vga1024x768_tb
Time Resolution for simulation is 1ps.
Waiting for 2 sub-compilation(s) to finish...
Compiled 7 VHDL Units
Built simulation executable /home/bryant/Documents/flowpaths_checkout/flowpaths/Pacman/pacman/vga1024x768_tb_isim_beh.exe
Fuse Memory Usage: 83524 KB
Fuse CPU Usage: 1540 ms
GCC CPU Usage: 3070 ms
