ISim log file
Running: /home/bryant/Documents/flowpaths_checkout/flowpaths/Pacman/pacman/vga1024x768_tb_isim_beh.exe -intstyle ise -gui -tclbatch isim.cmd -wdb /home/bryant/Documents/flowpaths_checkout/flowpaths/Pacman/pacman/vga1024x768_tb_isim_beh.wdb 
ISim O.76xd (signature 0x8ddf5b5d)
WARNING: A WEBPACK license was found.
WARNING: Please use Xilinx License Configuration Manager to check out a full ISim license.
WARNING: ISim will run in Lite mode. Please refer to the ISim documentation for more information on the differences between the Lite and the Full version.
This is a Lite version of ISim.
Time resolution is 1 ps
# onerror resume
# wave add /
# run 1000 ns
Simulator is doing circuit initialization process.
Finished circuit initialization process.
# run 1.00us
# run 1.00us
# run 1.00us
# run 1.00us
# run 1.00us
# run 1.00us
# run 1.00us
# restart
# run 10.00us
Simulator is doing circuit initialization process.
Finished circuit initialization process.
# run 10.00us
# run 10.00us
# run 10.00us
# run 10.00us
# run 10.00us
# run 10.00us
# run 10.00us
# run 10.00us
# run 10.00us
# run 10.00us
# run 10.00us
# run 10.00us
# run 10.00us
# run 10.00us
# run 10.00us
# run 10.00us
# run 10.00us
# run 10.00us
# run 10.00us
# run 10.00us
# run 10.00us
# run 10.00us
# run 10.00us
# run 10.00us
# run 10.00us
# run 10.00us
# run 10.00us
# run 10.00us
# run 10.00us
# restart
# run 10.00us
Simulator is doing circuit initialization process.
Finished circuit initialization process.
# run 10.00us
# run 10.00us
# run 10.00us
# run 10.00us
# run 10.00us
# run 10.00us
# run 10.00us
# run 10.00us
# run 10.00us
# run 10.00us
# run 10.00us
# run 10.00us
# run 10.00us
# run 10.00us
# run 10.00us
# run 10.00us
# run 10.00us
# run 10.00us
# run 10.00us
# run 10.00us
# run 10.00us
# run 10.00us
# run 10.00us
# run 10.00us
# run 10.00us
# run 10.00us
# run 10.00us
# run 10.00us
# run 10.00us
# run 10.00us
# run 10.00us
# run 10.00us
# run 10.00us
# run 10.00us
# run 10.00us
# run 10.00us
# run 10.00us
# run 10.00us
# run 10.00us
# run 10.00us
# run 10.00us
# run 100.00us
# run 100.00us
# run 100.00us
# run 100.00us
# run 100.00us
# run 100.00us
# run 100.00us
# run 100.00us
# run 100.00us
# run 100.00us
# run 100.00us
# run 100.00us
# run 100.00us
# run 100.00us
# run 100.00us
# run 100.00us
# run 100.00us
# run 100.00us
# run 100.00us
# run 100.00us
# run 100.00us
# run 100.00us
# run 100.00us
# run 100.00us
# run 100.00us
# run 100.00us
# run 100.00us
# run 100.00us
# run 100.00us
# run 100.00us
# run 100.00us
# run 100.00us
# run all
Stopped at time : 19804492404 ps : File "/home/bryant/Documents/flowpaths_checkout/flowpaths/Pacman/pacman/vga1024x768.vhd" Line 49
# exit 0
